[debug] [2020-03-22T14:15:44.898Z] ----------------------------------------------------------------------
[debug] [2020-03-22T14:15:44.900Z] Command:       C:\Program Files\nodejs\node.exe C:\Users\Edvin\AppData\Roaming\npm\node_modules\firebase-tools\lib\bin\firebase.js serve
[debug] [2020-03-22T14:15:44.900Z] CLI Version:   7.15.1
[debug] [2020-03-22T14:15:44.900Z] Platform:      win32
[debug] [2020-03-22T14:15:44.900Z] Node Version:  v12.16.1
[debug] [2020-03-22T14:15:44.901Z] Time:          Sun Mar 22 2020 15:15:44 GMT+0100 (Central European Standard Time)
[debug] [2020-03-22T14:15:44.901Z] ----------------------------------------------------------------------
[debug] [2020-03-22T14:15:44.901Z] 
[debug] [2020-03-22T14:15:44.908Z] > command requires scopes: ["email","openid","https://www.googleapis.com/auth/cloudplatformprojects.readonly","https://www.googleapis.com/auth/firebase","https://www.googleapis.com/auth/cloud-platform"]
[debug] [2020-03-22T14:15:44.908Z] > authorizing via signed-in user
[debug] [2020-03-22T14:15:44.908Z] [iam] checking project boyner-website for permissions ["firebase.projects.get"]
[debug] [2020-03-22T14:15:44.910Z] >>> HTTP REQUEST POST https://cloudresourcemanager.googleapis.com/v1/projects/boyner-website:testIamPermissions  

[debug] [2020-03-22T14:15:46.051Z] <<< HTTP RESPONSE 200
[debug] [2020-03-22T14:15:46.057Z] >>> HTTP REQUEST GET https://firebase.googleapis.com/v1beta1/projects/boyner-website  
 
[debug] [2020-03-22T14:15:46.397Z] <<< HTTP RESPONSE 200
[info] 
[info] === Serving from 'C:\Users\Edvin\Desktop\Edvin\Program\JS\boyner\boyner-app'...
[info] 
[debug] [2020-03-22T14:15:46.405Z] >>> HTTP REQUEST GET https://firebase.googleapis.com/v1beta1/projects/boyner-website/webApps/-/config  
 
[debug] [2020-03-22T14:15:47.373Z] <<< HTTP RESPONSE 200
[info] i  hosting: Serving hosting files from: build
[info] +  hosting: Local server: http://localhost:5000
